The system is: Windows - 10.0.18362 - AMD64
Compiling the CXX compiler identification source file "CMakeCXXCompilerId.cpp" succeeded.
Compiler: C:/Program Files (x86)/Microsoft Visual Studio/2017/Enterprise/VC/Tools/MSVC/14.16.27023/bin/Hostx86/x86/cl.exe 
Build flags: 
Id flags:  

The output was:
0
?????????????? ?????????? Microsoft (R) C/C++ ?????? 19.16.27031.1 ??? x86
(C) ?????????? ?????????? (Microsoft Corporation).  ??? ????? ????????.

CMakeCXXCompilerId.cpp
Microsoft (R) Incremental Linker Version 14.16.27031.1
Copyright (C) Microsoft Corporation.  All rights reserved.

/out:CMakeCXXCompilerId.exe 
CMakeCXXCompilerId.obj 


Compilation of the CXX compiler identification source "CMakeCXXCompilerId.cpp" produced "CMakeCXXCompilerId.exe"

Compilation of the CXX compiler identification source "CMakeCXXCompilerId.cpp" produced "CMakeCXXCompilerId.obj"

The CXX compiler identification is MSVC, found in "C:/HW3_ALG/task3_skiplist/cmake-build-default-visual-studio/CMakeFiles/3.15.3/CompilerIdCXX/CMakeCXXCompilerId.exe"

Determining if the CXX compiler works passed with the following output:
Change Dir: C:/HW3_ALG/task3_skiplist/cmake-build-default-visual-studio/CMakeFiles/CMakeTmp

Run Build Command(s):nmake /nologo cmTC_354ee\fast && 	"C:\Program Files (x86)\Microsoft Visual Studio\2017\Enterprise\VC\Tools\MSVC\14.16.27023\bin\HostX86\x86\nmake.exe" -f CMakeFiles\cmTC_354ee.dir\build.make /nologo -L                  CMakeFiles\cmTC_354ee.dir\build
Building CXX object CMakeFiles/cmTC_354ee.dir/testCXXCompiler.cxx.obj
	C:\PROGRA~2\MICROS~4\2017\ENTERP~1\VC\Tools\MSVC\1416~1.270\bin\Hostx86\x86\cl.exe @C:\Users\temik\AppData\Local\Temp\nm8B1F.tmp
testCXXCompiler.cxx
Linking CXX executable cmTC_354ee.exe
	"D:\CLion 2019.2.4\bin\cmake\win\bin\cmake.exe" -E vs_link_exe --intdir=CMakeFiles\cmTC_354ee.dir --rc=C:\PROGRA~2\WI3CF2~1\10\bin\100177~1.0\x86\rc.exe --mt=C:\PROGRA~2\WI3CF2~1\10\bin\100177~1.0\x86\mt.exe --manifests  -- C:\PROGRA~2\MICROS~4\2017\ENTERP~1\VC\Tools\MSVC\1416~1.270\bin\Hostx86\x86\link.exe /nologo @CMakeFiles\cmTC_354ee.dir\objects1.rsp @C:\Users\temik\AppData\Local\Temp\nm8BDC.tmp



Detecting CXX compiler ABI info compiled with the following output:
Change Dir: C:/HW3_ALG/task3_skiplist/cmake-build-default-visual-studio/CMakeFiles/CMakeTmp

Run Build Command(s):nmake /nologo cmTC_99911\fast && 	"C:\Program Files (x86)\Microsoft Visual Studio\2017\Enterprise\VC\Tools\MSVC\14.16.27023\bin\HostX86\x86\nmake.exe" -f CMakeFiles\cmTC_99911.dir\build.make /nologo -L                  CMakeFiles\cmTC_99911.dir\build
Building CXX object CMakeFiles/cmTC_99911.dir/CMakeCXXCompilerABI.cpp.obj
	C:\PROGRA~2\MICROS~4\2017\ENTERP~1\VC\Tools\MSVC\1416~1.270\bin\Hostx86\x86\cl.exe @C:\Users\temik\AppData\Local\Temp\nm92A1.tmp
CMakeCXXCompilerABI.cpp
Linking CXX executable cmTC_99911.exe
	"D:\CLion 2019.2.4\bin\cmake\win\bin\cmake.exe" -E vs_link_exe --intdir=CMakeFiles\cmTC_99911.dir --rc=C:\PROGRA~2\WI3CF2~1\10\bin\100177~1.0\x86\rc.exe --mt=C:\PROGRA~2\WI3CF2~1\10\bin\100177~1.0\x86\mt.exe --manifests  -- C:\PROGRA~2\MICROS~4\2017\ENTERP~1\VC\Tools\MSVC\1416~1.270\bin\Hostx86\x86\link.exe /nologo @CMakeFiles\cmTC_99911.dir\objects1.rsp @C:\Users\temik\AppData\Local\Temp\nm939C.tmp



